c:\users\tanghailong\projects\vnbase\prj\vc12\debug\vc120.pdb
c:\users\tanghailong\projects\vnbase\prj\vc12\debug\vc120.idb
c:\users\tanghailong\projects\vnbase\prj\vc12\debug\vnallocatedobject.obj
c:\users\tanghailong\projects\vnbase\prj\vc12\debug\vnbuffer.obj
c:\users\tanghailong\projects\vnbase\prj\vc12\debug\vndatastream.obj
c:\users\tanghailong\projects\vnbase\prj\vc12\debug\vnfilemanager.obj
c:\users\tanghailong\projects\vnbase\prj\vc12\debug\vnmemory.obj
c:\users\tanghailong\projects\vnbase\prj\vc12\debug\vnmemorytracker.obj
c:\users\tanghailong\projects\vnbase\prj\vc12\debug\vnnoncopyable.obj
c:\users\tanghailong\projects\vnbase\prj\vc12\debug\vnrefcounted.obj
c:\users\tanghailong\projects\vnbase\prj\vc12\debug\vnsingletonmanager.obj
c:\users\tanghailong\projects\vnbase\prj\vc12\debug\vnsmallobject.obj
c:\users\tanghailong\projects\vnbase\prj\vc12\debug\vnunicode.obj
c:\users\tanghailong\projects\vnbase\prj\vc12\debug\vnvariable.obj
c:\users\tanghailong\projects\vnbase\prj\vc12\debug\vnatomic.obj
c:\users\tanghailong\projects\vnbase\prj\vc12\debug\vnconditionmutex.obj
c:\users\tanghailong\projects\vnbase\prj\vc12\debug\vnfastmutex.obj
c:\users\tanghailong\projects\vnbase\prj\vc12\debug\vnfilesystem.obj
c:\users\tanghailong\projects\vnbase\prj\vc12\debug\vnmutex.obj
c:\users\tanghailong\projects\vnbase\prj\vc12\debug\vnthread.obj
c:\users\tanghailong\projects\vnbase\prj\vc12\debug\vnfilepath.obj
c:\users\tanghailong\projects\test\debug\vnbase.lib
c:\users\tanghailong\projects\vnbase\prj\vc12\debug\vnbase.tlog\cl.command.1.tlog
c:\users\tanghailong\projects\vnbase\prj\vc12\debug\vnbase.tlog\cl.read.1.tlog
c:\users\tanghailong\projects\vnbase\prj\vc12\debug\vnbase.tlog\cl.write.1.tlog
c:\users\tanghailong\projects\vnbase\prj\vc12\debug\vnbase.tlog\lib-link.read.1.tlog
c:\users\tanghailong\projects\vnbase\prj\vc12\debug\vnbase.tlog\lib-link.write.1.tlog
c:\users\tanghailong\projects\vnbase\prj\vc12\debug\vnbase.tlog\lib.command.1.tlog
