c:\users\tanghailong\projects\vngfx\prj\vc12\debug\vc120.pdb
c:\users\tanghailong\projects\vngfx\prj\vc12\debug\vc120.idb
c:\users\tanghailong\projects\vngfx\prj\vc12\debug\pngtrans.obj
c:\users\tanghailong\projects\vngfx\prj\vc12\debug\pngwio.obj
c:\users\tanghailong\projects\vngfx\prj\vc12\debug\pngwrite.obj
c:\users\tanghailong\projects\vngfx\prj\vc12\debug\pngwtran.obj
c:\users\tanghailong\projects\vngfx\prj\vc12\debug\pngwutil.obj
c:\users\tanghailong\projects\vngfx\prj\vc12\debug\adler32.obj
c:\users\tanghailong\projects\vngfx\prj\vc12\debug\compress.obj
c:\users\tanghailong\projects\vngfx\prj\vc12\debug\crc32.obj
c:\users\tanghailong\projects\vngfx\prj\vc12\debug\deflate.obj
c:\users\tanghailong\projects\vngfx\prj\vc12\debug\gzclose.obj
c:\users\tanghailong\projects\vngfx\prj\vc12\debug\gzlib.obj
c:\users\tanghailong\projects\vngfx\prj\vc12\debug\gzread.obj
c:\users\tanghailong\projects\vngfx\prj\vc12\debug\gzwrite.obj
c:\users\tanghailong\projects\vngfx\prj\vc12\debug\infback.obj
c:\users\tanghailong\projects\vngfx\prj\vc12\debug\inffast.obj
c:\users\tanghailong\projects\vngfx\prj\vc12\debug\inflate.obj
c:\users\tanghailong\projects\vngfx\prj\vc12\debug\inftrees.obj
c:\users\tanghailong\projects\vngfx\prj\vc12\debug\trees.obj
c:\users\tanghailong\projects\vngfx\prj\vc12\debug\uncompr.obj
c:\users\tanghailong\projects\vngfx\prj\vc12\debug\zutil.obj
c:\users\tanghailong\projects\vngfx\prj\vc12\debug\png.obj
c:\users\tanghailong\projects\vngfx\prj\vc12\debug\pngerror.obj
c:\users\tanghailong\projects\vngfx\prj\vc12\debug\pngget.obj
c:\users\tanghailong\projects\vngfx\prj\vc12\debug\pngmem.obj
c:\users\tanghailong\projects\vngfx\prj\vc12\debug\pngpread.obj
c:\users\tanghailong\projects\vngfx\prj\vc12\debug\pngread.obj
c:\users\tanghailong\projects\vngfx\prj\vc12\debug\pngrio.obj
c:\users\tanghailong\projects\vngfx\prj\vc12\debug\pngrtran.obj
c:\users\tanghailong\projects\vngfx\prj\vc12\debug\pngrutil.obj
c:\users\tanghailong\projects\vngfx\prj\vc12\debug\pngset.obj
c:\users\tanghailong\projects\vngfx\prj\vc12\debug\vncolor.obj
c:\users\tanghailong\projects\vngfx\prj\vc12\debug\vngfxapplication.obj
c:\users\tanghailong\projects\vngfx\prj\vc12\debug\vnpicture.obj
c:\users\tanghailong\projects\vngfx\prj\vc12\debug\vnpicturemanager.obj
c:\users\tanghailong\projects\vngfx\prj\vc12\debug\vnpngfile.obj
c:\users\tanghailong\projects\vngfx\prj\vc12\debug\vnrender2ddevice.obj
c:\users\tanghailong\projects\vngfx\prj\vc12\debug\vnrender2dinterface.obj
c:\users\tanghailong\projects\vngfx\prj\vc12\debug\vntexture.obj
c:\users\tanghailong\projects\vngfx\prj\vc12\debug\vntexture2d.obj
c:\users\tanghailong\projects\vngfx\prj\vc12\debug\vntexturemanager.obj
c:\users\tanghailong\projects\vngfx\prj\vc12\debug\vngfxapplicationimpl.obj
c:\users\tanghailong\projects\vngfx\prj\vc12\debug\vntexture2dimp.obj
c:\users\tanghailong\projects\test\debug\vngfx.lib
c:\users\tanghailong\projects\vngfx\prj\vc12\debug\vngfx.tlog\cl.command.1.tlog
c:\users\tanghailong\projects\vngfx\prj\vc12\debug\vngfx.tlog\cl.read.1.tlog
c:\users\tanghailong\projects\vngfx\prj\vc12\debug\vngfx.tlog\cl.write.1.tlog
c:\users\tanghailong\projects\vngfx\prj\vc12\debug\vngfx.tlog\lib-link.read.1.tlog
c:\users\tanghailong\projects\vngfx\prj\vc12\debug\vngfx.tlog\lib-link.write.1.tlog
c:\users\tanghailong\projects\vngfx\prj\vc12\debug\vngfx.tlog\lib.command.1.tlog
